<?xml version="1.0" encoding="UTF-8"?>
<!-- Generated by org.testng.reporters.JUnitReportReporter -->
<testsuite hostname="Preyal" failures="0" tests="1" name="Com.Roicians.TestCases.ContactUsTestCases" time="18.934" errors="0" timestamp="2021-02-03T16:42:11 GMT-05:00" skipped="0">
  <testcase classname="Com.Roicians.TestCases.ContactUsTestCases" name="verifyActualError" time="18.934"/>
  <system-out/>
</testsuite> <!-- Com.Roicians.TestCases.ContactUsTestCases -->
